Log file open, 12/01/20 18:15:09
LogInit: Display: Running engine for game: FirstProject
LogPlatformFile: Not using cached read wrapper
LogTaskGraph: Started task graph with 5 named threads and 71 total threads with 3 sets of task threads.
LogStats: Stats thread started at 0.148962
LogD3D11RHI: Loaded GFSDK_Aftermath_Lib.x64.dll
LogICUInternationalization: ICU TimeZone Detection - Raw Offset: -8:00, Platform Override: ''
LogPluginManager: Mounting plugin Paper2D
LogPluginManager: Mounting plugin AISupport
LogPluginManager: Mounting plugin LightPropagationVolume
LogPluginManager: Mounting plugin CameraShakePreviewer
LogPluginManager: Mounting plugin ActorLayerUtilities
LogPluginManager: Mounting plugin AnimationSharing
LogPluginManager: Mounting plugin CLionSourceCodeAccess
LogPluginManager: Mounting plugin CodeLiteSourceCodeAccess
LogPluginManager: Mounting plugin GitSourceControl
LogPluginManager: Mounting plugin KDevelopSourceCodeAccess
LogPluginManager: Mounting plugin NullSourceCodeAccess
LogPluginManager: Mounting plugin PerforceSourceControl
LogPluginManager: Mounting plugin PlasticSourceControl
LogPluginManager: Mounting plugin RiderSourceCodeAccess
LogPluginManager: Mounting plugin SubversionSourceControl
LogPluginManager: Mounting plugin UObjectPlugin
LogPluginManager: Mounting plugin VisualStudioCodeSourceCodeAccess
LogPluginManager: Mounting plugin VisualStudioSourceCodeAccess
LogPluginManager: Mounting plugin XCodeSourceCodeAccess
LogPluginManager: Mounting plugin AssetManagerEditor
LogPluginManager: Mounting plugin CryptoKeys
LogPluginManager: Mounting plugin CurveEditorTools
LogPluginManager: Mounting plugin DataValidation
LogPluginManager: Mounting plugin EditorScriptingUtilities
LogPluginManager: Mounting plugin FacialAnimation
LogPluginManager: Mounting plugin GameplayTagsEditor
LogPluginManager: Mounting plugin GeometryMode
LogPluginManager: Mounting plugin MacGraphicsSwitching
LogPluginManager: Mounting plugin MaterialAnalyzer
LogPluginManager: Mounting plugin MobileLauncherProfileWizard
LogPluginManager: Mounting plugin PluginBrowser
LogPluginManager: Mounting plugin SpeedTreeImporter
LogPluginManager: Mounting plugin DatasmithContent
LogPluginManager: Mounting plugin VariantManagerContent
LogPluginManager: Mounting plugin AlembicImporter
LogPluginManager: Mounting plugin AutomationUtils
LogPluginManager: Mounting plugin BackChannel
LogPluginManager: Mounting plugin ChaosCloth
LogPluginManager: Mounting plugin ChaosClothEditor
LogPluginManager: Mounting plugin ChaosEditor
LogPluginManager: Mounting plugin ChaosNiagara
LogPluginManager: Mounting plugin ChaosSolverPlugin
LogPluginManager: Mounting plugin CharacterAI
LogPluginManager: Mounting plugin GeometryCache
LogPluginManager: Mounting plugin GeometryCollectionPlugin
LogPluginManager: Mounting plugin GeometryProcessing
LogPluginManager: Mounting plugin PlanarCut
LogPluginManager: Mounting plugin PlatformCrypto
LogPluginManager: Mounting plugin ProxyLODPlugin
LogPluginManager: Mounting plugin SkeletalReduction
LogPluginManager: Mounting plugin Niagara
LogPluginManager: Mounting plugin MagicLeap
LogPluginManager: Mounting plugin MagicLeapLightEstimation
LogPluginManager: Mounting plugin MagicLeapMedia
LogPluginManager: Mounting plugin MagicLeapPassableWorld
LogPluginManager: Mounting plugin MLSDK
LogPluginManager: Mounting plugin AndroidMedia
LogPluginManager: Mounting plugin AvfMedia
LogPluginManager: Mounting plugin ImgMedia
LogPluginManager: Mounting plugin MediaCompositing
LogPluginManager: Mounting plugin MediaPlayerEditor
LogPluginManager: Mounting plugin WebMMedia
LogPluginManager: Mounting plugin WmfMedia
LogPluginManager: Mounting plugin MeshPainting
LogPluginManager: Mounting plugin TcpMessaging
LogPluginManager: Mounting plugin UdpMessaging
LogPluginManager: Mounting plugin ActorSequence
LogPluginManager: Mounting plugin LevelSequenceEditor
LogPluginManager: Mounting plugin MatineeToLevelSequence
LogPluginManager: Mounting plugin MovieRenderPipeline
LogPluginManager: Mounting plugin TemplateSequence
LogPluginManager: Mounting plugin NetcodeUnitTest
LogPluginManager: Mounting plugin NUTUnrealEngine4
LogPluginManager: Mounting plugin OnlineSubsystemGooglePlay
LogPluginManager: Mounting plugin OnlineSubsystemIOS
LogPluginManager: Mounting plugin OnlineSubsystem
LogPluginManager: Mounting plugin OnlineSubsystemNull
LogPluginManager: Mounting plugin OnlineSubsystemUtils
LogPluginManager: Mounting plugin LauncherChunkInstaller
LogPluginManager: Mounting plugin AndroidDeviceProfileSelector
LogPluginManager: Mounting plugin AndroidMoviePlayer
LogPluginManager: Mounting plugin AndroidPermission
LogPluginManager: Mounting plugin AppleImageUtils
LogPluginManager: Mounting plugin AppleMoviePlayer
LogPluginManager: Mounting plugin ArchVisCharacter
LogPluginManager: Mounting plugin AssetTags
LogPluginManager: Mounting plugin AudioCapture
LogPluginManager: Mounting plugin CableComponent
LogPluginManager: Mounting plugin CustomMeshComponent
LogPluginManager: Mounting plugin EditableMesh
LogPluginManager: Mounting plugin ExampleDeviceProfileSelector
LogPluginManager: Mounting plugin GoogleCloudMessaging
LogPluginManager: Mounting plugin GooglePAD
LogPluginManager: Mounting plugin IOSDeviceProfileSelector
LogPluginManager: Mounting plugin LinuxDeviceProfileSelector
LogPluginManager: Mounting plugin LocationServicesBPLibrary
LogPluginManager: Mounting plugin MobilePatchingUtils
LogPluginManager: Mounting plugin OculusVR
LogPluginManager: Mounting plugin PhysXVehicles
LogPluginManager: Mounting plugin PostSplashScreen
LogPluginManager: Mounting plugin ProceduralMeshComponent
LogPluginManager: Mounting plugin RuntimePhysXCooking
LogPluginManager: Mounting plugin SignificanceManager
LogPluginManager: Mounting plugin SoundFields
LogPluginManager: Mounting plugin SteamVR
LogPluginManager: Mounting plugin Synthesis
LogPluginManager: Mounting plugin WebMMoviePlayer
LogPluginManager: Mounting plugin WindowsMoviePlayer
LogPluginManager: Mounting plugin ScreenshotTools
LogInit: Warning: Incompatible or missing module: FirstProject
Running C:/Program Files/Epic Games/UE_4.25/Engine/Binaries/DotNET/UnrealBuildTool.exe Development Win64 -Project="C:/Users/joshc/Documents/School/Computer Science/CS1C/Agile/Agile-5_Project/LearnCPPForUnrealEngineUnit2-master/LearnCPPForUnrealEngineUnit2-master/FirstProject/FirstProject.uproject" -TargetType=Editor -Progress -NoEngineChanges -NoHotReloadFromIDE
Creating makefile for FirstProjectEditor (Build.version is newer)
@progress push 5%
@progress pop
ERROR: Unhandled exception: System.IO.DirectoryNotFoundException: Could not find a part of the path 'C:\Users\joshc\Documents\School\Computer Science\CS1C\Agile\Agile-5_Project\LearnCPPForUnrealEngineUnit2-master\LearnCPPForUnrealEngineUnit2-master\FirstProject\Intermediate\Build\Win64\FirstProjectEditor\Development\Engine\SharedPCH.Engine.ShadowErrors.h.pch.response'.
          at System.IO.__Error.WinIOError(Int32 errorCode, String maybeFullPath)
          at System.IO.FileStream.Init(String path, FileMode mode, FileAccess access, Int32 rights, Boolean useRights, FileShare share, Int32 bufferSize, FileOptions options, SECURITY_ATTRIBUTES secAttrs, String msgPath, Boolean bFromProxy, Boolean useLongPath, Boolean checkHost)
          at System.IO.FileStream..ctor(String path, FileMode mode, FileAccess access, FileShare share, Int32 bufferSize, FileOptions options, String msgPath, Boolean bFromProxy, Boolean useLongPath, Boolean checkHost)
          at System.IO.StreamWriter.CreateFile(String path, Boolean append, Boolean checkHost)
          at System.IO.StreamWriter..ctor(String path, Boolean append, Encoding encoding, Int32 bufferSize, Boolean checkHost)
          at System.IO.File.InternalWriteAllText(String path, String contents, Encoding encoding, Boolean checkHost)
          at UnrealBuildTool.Utils.WriteFileIfChanged(FileReference Location, String Contents, StringComparison Comparison) in D:\Build\++UE4\Sync\Engine\Source\Programs\UnrealBuildTool\System\Utils.cs:line 1284
          at UnrealBuildTool.TargetMakefile.CreateIntermediateTextFile(FileReference Location, String Contents) in D:\Build\++UE4\Sync\Engine\Source\Programs\UnrealBuildTool\System\TargetMakefile.cs:line 687
          at UnrealBuildTool.VCToolChain.CompileCPPFiles(CppCompileEnvironment CompileEnvironment, List`1 InputFiles, DirectoryReference OutputDir, String ModuleName, IActionGraphBuilder Graph) in D:\Build\++UE4\Sync\Engine\Source\Programs\UnrealBuildTool\Platform\Windows\VCToolChain.cs:line 1182
          at UnrealBuildTool.UEBuildModuleCPP.FindOrCreateSharedPCH(UEToolChain ToolChain, PrecompiledHeaderTemplate Template, CppCompileEnvironment ModuleCompileEnvironment, IActionGraphBuilder Graph) in D:\Build\++UE4\Sync\Engine\Source\Programs\UnrealBuildTool\Configuration\UEBuildModuleCPP.cs:line 639
          at UnrealBuildTool.UEBuildModuleCPP.SetupPrecompiledHeaders(ReadOnlyTargetRules Target, UEToolChain ToolChain, CppCompileEnvironment CompileEnvironment, List`1 LinkInputFiles, IActionGraphBuilder Graph) in D:\Build\++UE4\Sync\Engine\Source\Programs\UnrealBuildTool\Configuration\UEBuildModuleCPP.cs:line 979
          at UnrealBuildTool.UEBuildModuleCPP.Compile(ReadOnlyTargetRules Target, UEToolChain ToolChain, CppCompileEnvironment BinaryCompileEnvironment, FileReference SingleFileToCompile, ISourceFileWorkingSet WorkingSet, IActionGraphBuilder Graph) in D:\Build\++UE4\Sync\Engine\Source\Programs\UnrealBuildTool\Configuration\UEBuildModuleCPP.cs:line 406
          at UnrealBuildTool.UEBuildBinary.SetupBinaryLinkEnvironment(ReadOnlyTargetRules Target, UEToolChain ToolChain, LinkEnvironment LinkEnvironment, CppCompileEnvironment CompileEnvironment, FileReference SingleFileToCompile, ISourceFileWorkingSet WorkingSet, DirectoryReference ExeDir, IActionGraphBuilder Graph) in D:\Build\++UE4\Sync\Engine\Source\Programs\UnrealBuildTool\Configuration\UEBuildBinary.cs:line 717
          at UnrealBuildTool.UEBuildBinary.Build(ReadOnlyTargetRules Target, UEToolChain ToolChain, CppCompileEnvironment CompileEnvironment, LinkEnvironment LinkEnvironment, FileReference SingleFileToCompile, ISourceFileWorkingSet WorkingSet, DirectoryReference ExeDir, IActionGraphBuilder Graph) in D:\Build\++UE4\Sync\Engine\Source\Programs\UnrealBuildTool\Configuration\UEBuildBinary.cs:line 186
          at UnrealBuildTool.UEBuildTarget.Build(BuildConfiguration BuildConfiguration, ISourceFileWorkingSet WorkingSet, Boolean bIsAssemblingBuild, FileReference SingleFileToCompile) in D:\Build\++UE4\Sync\Engine\Source\Programs\UnrealBuildTool\Configuration\UEBuildTarget.cs:line 1756
          at UnrealBuildTool.BuildMode.CreateMakefile(BuildConfiguration BuildConfiguration, TargetDescriptor TargetDescriptor, ISourceFileWorkingSet WorkingSet) in D:\Build\++UE4\Sync\Engine\Source\Programs\UnrealBuildTool\Modes\BuildMode.cs:line 504
          at UnrealBuildTool.BuildMode.Build(List`1 TargetDescriptors, BuildConfiguration BuildConfiguration, ISourceFileWorkingSet WorkingSet, BuildOptions Options, FileReference WriteOutdatedActionsFile) in D:\Build\++UE4\Sync\Engine\Source\Programs\UnrealBuildTool\Modes\BuildMode.cs:line 247
          at UnrealBuildTool.BuildMode.Execute(CommandLineArguments Arguments) in D:\Build\++UE4\Sync\Engine\Source\Programs\UnrealBuildTool\Modes\BuildMode.cs:line 219
          at UnrealBuildTool.UnrealBuildTool.Main(String[] ArgumentsArray) in D:\Build\++UE4\Sync\Engine\Source\Programs\UnrealBuildTool\UnrealBuildTool.cs:line 550
LogInit: Warning: Still incompatible or missing module: FirstProject
LogCore: Engine exit requested (reason: EngineExit() was called)
LogExit: Preparing to exit.
LogModuleManager: Shutting down and abandoning module DesktopPlatform (46)
LogModuleManager: Shutting down and abandoning module PlatformCryptoOpenSSL (44)
LogModuleManager: Shutting down and abandoning module PlatformCryptoTypes (42)
LogModuleManager: Shutting down and abandoning module PlatformCrypto (40)
LogModuleManager: Shutting down and abandoning module AnimationModifiers (38)
LogModuleManager: Shutting down and abandoning module PropertyEditor (37)
LogModuleManager: Shutting down and abandoning module AudioEditor (34)
LogModuleManager: Shutting down and abandoning module TextureCompressor (32)
LogModuleManager: Shutting down and abandoning module RenderCore (30)
LogModuleManager: Shutting down and abandoning module Landscape (28)
LogModuleManager: Shutting down and abandoning module SlateRHIRenderer (26)
LogModuleManager: Shutting down and abandoning module OpenGLDrv (24)
LogModuleManager: Shutting down and abandoning module D3D11RHI (22)
LogModuleManager: Shutting down and abandoning module AnimGraphRuntime (20)
LogModuleManager: Shutting down and abandoning module Renderer (18)
LogModuleManager: Shutting down and abandoning module Engine (16)
LogModuleManager: Shutting down and abandoning module CoreUObject (14)
LogModuleManager: Shutting down and abandoning module NetworkFile (12)
LogModuleManager: Shutting down and abandoning module CookedIterativeFile (10)
LogModuleManager: Shutting down and abandoning module StreamingFile (8)
LogModuleManager: Shutting down and abandoning module SandboxFile (6)
LogModuleManager: Shutting down and abandoning module PakFile (4)
LogModuleManager: Shutting down and abandoning module RSA (3)
LogExit: Exiting.
Log file closed, 12/01/20 18:15:17
